<?xml version="1.0" encoding="UTF-8"?>
<!-- Generated by org.testng.reporters.JUnitReportReporter -->
<testsuite hostname="localhost.localdomain" name="org.ameet.nosql.dao.EmpDaoTest" tests="1" failures="0" timestamp="24 Apr 2015 18:07:36 GMT" time="0.199" errors="0">
  <testcase name="testSave" time="0.199" classname="org.ameet.nosql.dao.EmpDaoTest"/>
</testsuite> <!-- org.ameet.nosql.dao.EmpDaoTest -->
