<?xml version="1.0" encoding="UTF-8"?>
<!-- Generated by org.testng.reporters.JUnitReportReporter -->
<testsuite hostname="localhost.localdomain" name="org.ameet.nosql.dao.EmpDaoTest" tests="3" failures="0" timestamp="24 Apr 2015 22:51:15 GMT" time="0.086" errors="0">
  <testcase name="testSave" time="0.012" classname="org.ameet.nosql.dao.EmpDaoTest"/>
  <testcase name="testCountOperation" time="0.046" classname="org.ameet.nosql.dao.EmpDaoTest"/>
  <testcase name="testInsertEntityOperation" time="0.028" classname="org.ameet.nosql.dao.EmpDaoTest"/>
</testsuite> <!-- org.ameet.nosql.dao.EmpDaoTest -->
